This is pdfTeX, Version 3.141592653-2.6-1.40.25 (MiKTeX 23.9.24) (preloaded format=latex 2024.3.18)  18 MAR 2024 14:34
entering extended mode
 restricted \write18 enabled.
 %&-line parsing enabled.
**q
(C:\Users\aapok\AppData\Local\Programs\MiKTeX\tex/latex/tools\q.tex
LaTeX2e <2023-06-01> patch level 1
L3 programming layer <2023-08-29>
File ignored
)
! Emergency stop.
<*> q
     
*** (job aborted, no legal \end found)

 
Here is how much of TeX's memory you used:
 18 strings out of 475248
 493 string characters out of 5757818
 1917782 words of memory out of 5000000
 21643 multiletter control sequences out of 15000+600000
 558069 words of font info for 36 fonts, out of 8000000 for 9000
 1141 hyphenation exceptions out of 8191
 13i,0n,12p,81b,9s stack positions out of 10000i,1000n,20000p,200000b,200000s
No pages of output.
